<?xml version="1.0" encoding="UTF-8"?>
<!-- Generated by org.testng.reporters.JUnitReportReporter -->
<testsuite skipped="0" hostname="DESKTOP-JFRSRNI" name="com.TestCases.ProductandServicesPageTest" tests="4" failures="0" timestamp="09 Mar 2019 20:00:23 GMT" time="42.718" errors="0">
  <testcase name="CreateNewOrder" time="9.119" classname="com.TestCases.ProductandServicesPageTest"/>
  <testcase name="CreateNewOrder" time="14.096" classname="com.TestCases.ProductandServicesPageTest"/>
  <testcase name="CreateNewOrder" time="10.415" classname="com.TestCases.ProductandServicesPageTest"/>
  <testcase name="CreateNewOrder" time="9.088" classname="com.TestCases.ProductandServicesPageTest"/>
</testsuite> <!-- com.TestCases.ProductandServicesPageTest -->
