<?xml version="1.0" encoding="UTF-8"?>
<!-- Generated by org.testng.reporters.JUnitReportReporter -->
<testsuite skipped="0" hostname="DESKTOP-JFRSRNI" name="com.TestCases.LoginPageTest" tests="4" failures="0" timestamp="14 Mar 2019 00:50:21 GMT" time="20.054" errors="0">
  <testcase name="VerifyLogoofThePage" time="4.281" classname="com.TestCases.LoginPageTest"/>
  <testcase name="VerifyTitleofThePage" time="4.920" classname="com.TestCases.LoginPageTest"/>
  <testcase name="VerifyLoginPage" time="5.702" classname="com.TestCases.LoginPageTest"/>
  <testcase name="VerifyErrorMessage" time="5.151" classname="com.TestCases.LoginPageTest"/>
</testsuite> <!-- com.TestCases.LoginPageTest -->
